[0.020s] Invoking command in '/home/robo/robo_ws/robo_brain/build/robo_brain': CMAKE_PREFIX_PATH=${CMAKE_PREFIX_PATH}:/home/robo/teleop_tools_ws/install/joy_teleop:/home/robo/teleop_tools_ws/install/mouse_teleop:/home/robo/teleop_tools_ws/install/key_teleop:/opt/ros/galactic /usr/bin/cmake /home/robo/robo_ws/robo_brain -DCMAKE_BUILD_TYPE=Release -DAMENT_CMAKE_SYMLINK_INSTALL=1 -DCMAKE_INSTALL_PREFIX=/home/robo/robo_ws/robo_brain/install/robo_brain
[0.043s] -- Found ament_cmake: 1.1.5 (/opt/ros/galactic/share/ament_cmake/cmake)
[0.072s] -- Using PYTHON_EXECUTABLE: /usr/bin/python3
[0.140s] -- Override CMake install command with custom implementation using symlinks instead of copying resources
[0.176s] -- Found ament_lint_auto: 0.10.6 (/opt/ros/galactic/share/ament_lint_auto/cmake)
[0.269s] -- Added test 'copyright' to check source files copyright and LICENSE
[0.320s] -- Added test 'cppcheck' to perform static code analysis on C / C++ code
[0.320s] -- Configured cppcheck include dirs: $<BUILD_INTERFACE:/home/robo/robo_ws/robo_brain/include>
[0.320s] -- Configured cppcheck exclude dirs and/or files: 
[0.353s] -- Added test 'cpplint' to check C / C++ code against the Google style
[0.353s] -- Configured cpplint exclude dirs and/or files: 
[0.358s] -- Added test 'flake8' to check Python code syntax and style conventions
[0.367s] -- Added test 'lint_cmake' to check CMake code style
[0.372s] -- Added test 'pep257' to check Python code against some of the style conventions in PEP 257
[0.404s] -- Added test 'uncrustify' to check C / C++ code style
[0.404s] -- Configured uncrustify additional arguments: 
[0.409s] -- Added test 'xmllint' to check XML markup files
[0.411s] -- Configuring done
[0.415s] -- Generating done
[0.417s] -- Build files have been written to: /home/robo/robo_ws/robo_brain/build/robo_brain
[0.419s] Invoked command in '/home/robo/robo_ws/robo_brain/build/robo_brain' returned '0': CMAKE_PREFIX_PATH=${CMAKE_PREFIX_PATH}:/home/robo/teleop_tools_ws/install/joy_teleop:/home/robo/teleop_tools_ws/install/mouse_teleop:/home/robo/teleop_tools_ws/install/key_teleop:/opt/ros/galactic /usr/bin/cmake /home/robo/robo_ws/robo_brain -DCMAKE_BUILD_TYPE=Release -DAMENT_CMAKE_SYMLINK_INSTALL=1 -DCMAKE_INSTALL_PREFIX=/home/robo/robo_ws/robo_brain/install/robo_brain
[0.423s] Invoking command in '/home/robo/robo_ws/robo_brain/build/robo_brain': CMAKE_PREFIX_PATH=${CMAKE_PREFIX_PATH}:/home/robo/teleop_tools_ws/install/joy_teleop:/home/robo/teleop_tools_ws/install/mouse_teleop:/home/robo/teleop_tools_ws/install/key_teleop:/opt/ros/galactic /usr/bin/cmake --build /home/robo/robo_ws/robo_brain/build/robo_brain -- -j4 -l4
[0.477s] [ 50%] [32mBuilding CXX object CMakeFiles/main.dir/src/main.cpp.o[0m
[0.515s] [100%] [32m[1mLinking CXX executable main[0m
[0.564s] [100%] Built target main
[0.576s] Invoked command in '/home/robo/robo_ws/robo_brain/build/robo_brain' returned '0': CMAKE_PREFIX_PATH=${CMAKE_PREFIX_PATH}:/home/robo/teleop_tools_ws/install/joy_teleop:/home/robo/teleop_tools_ws/install/mouse_teleop:/home/robo/teleop_tools_ws/install/key_teleop:/opt/ros/galactic /usr/bin/cmake --build /home/robo/robo_ws/robo_brain/build/robo_brain -- -j4 -l4
[0.613s] Invoking command in '/home/robo/robo_ws/robo_brain/build/robo_brain': CMAKE_PREFIX_PATH=${CMAKE_PREFIX_PATH}:/home/robo/teleop_tools_ws/install/joy_teleop:/home/robo/teleop_tools_ws/install/mouse_teleop:/home/robo/teleop_tools_ws/install/key_teleop:/opt/ros/galactic /usr/bin/cmake --install /home/robo/robo_ws/robo_brain/build/robo_brain
[0.624s] -- Install configuration: "Release"
[0.624s] -- Execute custom install script
[0.625s] -- Symlinking: /home/robo/robo_ws/robo_brain/install/robo_brain/lib/robo_brain/main
[0.636s] -- Symlinking: /home/robo/robo_ws/robo_brain/install/robo_brain/share/ament_index/resource_index/package_run_dependencies/robo_brain
[0.646s] -- Symlinking: /home/robo/robo_ws/robo_brain/install/robo_brain/share/ament_index/resource_index/parent_prefix_path/robo_brain
[0.656s] -- Symlinking: /home/robo/robo_ws/robo_brain/install/robo_brain/share/robo_brain/environment/ament_prefix_path.sh
[0.667s] -- Symlinking: /home/robo/robo_ws/robo_brain/install/robo_brain/share/robo_brain/environment/ament_prefix_path.dsv
[0.677s] -- Symlinking: /home/robo/robo_ws/robo_brain/install/robo_brain/share/robo_brain/environment/path.sh
[0.687s] -- Symlinking: /home/robo/robo_ws/robo_brain/install/robo_brain/share/robo_brain/environment/path.dsv
[0.698s] -- Symlinking: /home/robo/robo_ws/robo_brain/install/robo_brain/share/robo_brain/local_setup.bash
[0.708s] -- Symlinking: /home/robo/robo_ws/robo_brain/install/robo_brain/share/robo_brain/local_setup.sh
[0.718s] -- Symlinking: /home/robo/robo_ws/robo_brain/install/robo_brain/share/robo_brain/local_setup.zsh
[0.729s] -- Symlinking: /home/robo/robo_ws/robo_brain/install/robo_brain/share/robo_brain/local_setup.dsv
[0.739s] -- Symlinking: /home/robo/robo_ws/robo_brain/install/robo_brain/share/robo_brain/package.dsv
[0.749s] -- Symlinking: /home/robo/robo_ws/robo_brain/install/robo_brain/share/ament_index/resource_index/packages/robo_brain
[0.760s] -- Symlinking: /home/robo/robo_ws/robo_brain/install/robo_brain/share/robo_brain/cmake/robo_brainConfig.cmake
[0.770s] -- Symlinking: /home/robo/robo_ws/robo_brain/install/robo_brain/share/robo_brain/cmake/robo_brainConfig-version.cmake
[0.781s] -- Symlinking: /home/robo/robo_ws/robo_brain/install/robo_brain/share/robo_brain/package.xml
[0.794s] Invoked command in '/home/robo/robo_ws/robo_brain/build/robo_brain' returned '0': CMAKE_PREFIX_PATH=${CMAKE_PREFIX_PATH}:/home/robo/teleop_tools_ws/install/joy_teleop:/home/robo/teleop_tools_ws/install/mouse_teleop:/home/robo/teleop_tools_ws/install/key_teleop:/opt/ros/galactic /usr/bin/cmake --install /home/robo/robo_ws/robo_brain/build/robo_brain
