-- The C compiler identification is GNU 9.3.0
-- The CXX compiler identification is GNU 9.3.0
-- Check for working C compiler: /usr/bin/cc
-- Check for working C compiler: /usr/bin/cc -- works
-- Detecting C compiler ABI info
-- Detecting C compiler ABI info - done
-- Detecting C compile features
-- Detecting C compile features - done
-- Check for working CXX compiler: /usr/bin/c++
-- Check for working CXX compiler: /usr/bin/c++ -- works
-- Detecting CXX compiler ABI info
-- Detecting CXX compiler ABI info - done
-- Detecting CXX compile features
-- Detecting CXX compile features - done
-- Found ament_cmake: 1.1.4 (/home/robo/ros2_galactic/ros2-linux/share/ament_cmake/cmake)
-- Found PythonInterp: /usr/bin/python3 (found suitable version "3.8.10", minimum required is "3") 
-- Using PYTHON_EXECUTABLE: /usr/bin/python3
-- Found ament_lint_auto: 0.10.6 (/home/robo/ros2_galactic/ros2-linux/share/ament_lint_auto/cmake)
-- Added test 'copyright' to check source files copyright and LICENSE
-- Added test 'cppcheck' to perform static code analysis on C / C++ code
-- Configured cppcheck include dirs: $<BUILD_INTERFACE:/home/robo/robo_ws/robo_brain/include>
-- Configured cppcheck exclude dirs and/or files: 
-- Added test 'cpplint' to check C / C++ code against the Google style
-- Configured cpplint exclude dirs and/or files: 
-- Added test 'lint_cmake' to check CMake code style
-- Added test 'uncrustify' to check C / C++ code style
-- Configured uncrustify additional arguments: 
-- Added test 'xmllint' to check XML markup files
-- Configuring done
-- Generating done
-- Build files have been written to: /home/robo/robo_ws/robo_brain/build/robo_brain
[35m[1mScanning dependencies of target main[0m
[ 50%] [32mBuilding CXX object CMakeFiles/main.dir/src/main.cpp.o[0m
[100%] [32m[1mLinking CXX executable main[0m
[100%] Built target main
-- Install configuration: ""
-- Installing: /home/robo/robo_ws/robo_brain/install/robo_brain/lib/robo_brain/main
-- Installing: /home/robo/robo_ws/robo_brain/install/robo_brain/share/ament_index/resource_index/package_run_dependencies/robo_brain
-- Installing: /home/robo/robo_ws/robo_brain/install/robo_brain/share/ament_index/resource_index/parent_prefix_path/robo_brain
-- Installing: /home/robo/robo_ws/robo_brain/install/robo_brain/share/robo_brain/environment/ament_prefix_path.sh
-- Installing: /home/robo/robo_ws/robo_brain/install/robo_brain/share/robo_brain/environment/ament_prefix_path.dsv
-- Installing: /home/robo/robo_ws/robo_brain/install/robo_brain/share/robo_brain/environment/path.sh
-- Installing: /home/robo/robo_ws/robo_brain/install/robo_brain/share/robo_brain/environment/path.dsv
-- Installing: /home/robo/robo_ws/robo_brain/install/robo_brain/share/robo_brain/local_setup.bash
-- Installing: /home/robo/robo_ws/robo_brain/install/robo_brain/share/robo_brain/local_setup.sh
-- Installing: /home/robo/robo_ws/robo_brain/install/robo_brain/share/robo_brain/local_setup.zsh
-- Installing: /home/robo/robo_ws/robo_brain/install/robo_brain/share/robo_brain/local_setup.dsv
-- Installing: /home/robo/robo_ws/robo_brain/install/robo_brain/share/robo_brain/package.dsv
-- Installing: /home/robo/robo_ws/robo_brain/install/robo_brain/share/ament_index/resource_index/packages/robo_brain
-- Installing: /home/robo/robo_ws/robo_brain/install/robo_brain/share/robo_brain/cmake/robo_brainConfig.cmake
-- Installing: /home/robo/robo_ws/robo_brain/install/robo_brain/share/robo_brain/cmake/robo_brainConfig-version.cmake
-- Installing: /home/robo/robo_ws/robo_brain/install/robo_brain/share/robo_brain/package.xml
