[0.017s] Invoking command in '/home/robo/robo_ws/robo_brain/build/robo_brain': /usr/bin/cmake /home/robo/robo_ws/robo_brain -DCMAKE_INSTALL_PREFIX=/home/robo/robo_ws/robo_brain/install/robo_brain
[0.077s] -- The C compiler identification is GNU 9.3.0
[0.136s] -- The CXX compiler identification is GNU 9.3.0
[0.141s] -- Check for working C compiler: /usr/bin/cc
[0.213s] -- Check for working C compiler: /usr/bin/cc -- works
[0.214s] -- Detecting C compiler ABI info
[0.284s] -- Detecting C compiler ABI info - done
[0.297s] -- Detecting C compile features
[0.297s] -- Detecting C compile features - done
[0.300s] -- Check for working CXX compiler: /usr/bin/c++
[0.382s] -- Check for working CXX compiler: /usr/bin/c++ -- works
[0.383s] -- Detecting CXX compiler ABI info
[0.465s] -- Detecting CXX compiler ABI info - done
[0.478s] -- Detecting CXX compile features
[0.478s] -- Detecting CXX compile features - done
[0.481s] -- Found ament_cmake: 1.1.4 (/home/robo/ros2_galactic/ros2-linux/share/ament_cmake/cmake)
[0.506s] -- Found PythonInterp: /usr/bin/python3 (found suitable version "3.8.10", minimum required is "3") 
[0.506s] -- Using PYTHON_EXECUTABLE: /usr/bin/python3
[0.588s] -- Found ament_lint_auto: 0.10.6 (/home/robo/ros2_galactic/ros2-linux/share/ament_lint_auto/cmake)
[0.664s] -- Added test 'copyright' to check source files copyright and LICENSE
[0.669s] -- Added test 'cppcheck' to perform static code analysis on C / C++ code
[0.669s] -- Configured cppcheck include dirs: $<BUILD_INTERFACE:/home/robo/robo_ws/robo_brain/include>
[0.669s] -- Configured cppcheck exclude dirs and/or files: 
[0.673s] -- Added test 'cpplint' to check C / C++ code against the Google style
[0.673s] -- Configured cpplint exclude dirs and/or files: 
[0.675s] -- Added test 'lint_cmake' to check CMake code style
[0.680s] -- Added test 'uncrustify' to check C / C++ code style
[0.680s] -- Configured uncrustify additional arguments: 
[0.681s] -- Added test 'xmllint' to check XML markup files
[0.684s] -- Configuring done
[0.687s] -- Generating done
[0.688s] -- Build files have been written to: /home/robo/robo_ws/robo_brain/build/robo_brain
[0.692s] Invoked command in '/home/robo/robo_ws/robo_brain/build/robo_brain' returned '0': /usr/bin/cmake /home/robo/robo_ws/robo_brain -DCMAKE_INSTALL_PREFIX=/home/robo/robo_ws/robo_brain/install/robo_brain
[0.693s] Invoking command in '/home/robo/robo_ws/robo_brain/build/robo_brain': /usr/bin/cmake --build /home/robo/robo_ws/robo_brain/build/robo_brain -- -j4 -l4
[0.735s] [35m[1mScanning dependencies of target main[0m
[0.746s] [ 50%] [32mBuilding CXX object CMakeFiles/main.dir/src/main.cpp.o[0m
[0.778s] [100%] [32m[1mLinking CXX executable main[0m
[0.825s] [100%] Built target main
[0.837s] Invoked command in '/home/robo/robo_ws/robo_brain/build/robo_brain' returned '0': /usr/bin/cmake --build /home/robo/robo_ws/robo_brain/build/robo_brain -- -j4 -l4
[0.871s] Invoking command in '/home/robo/robo_ws/robo_brain/build/robo_brain': /usr/bin/cmake --install /home/robo/robo_ws/robo_brain/build/robo_brain
[0.882s] -- Install configuration: ""
[0.882s] -- Installing: /home/robo/robo_ws/robo_brain/install/robo_brain/lib/robo_brain/main
[0.883s] -- Installing: /home/robo/robo_ws/robo_brain/install/robo_brain/share/ament_index/resource_index/package_run_dependencies/robo_brain
[0.883s] -- Installing: /home/robo/robo_ws/robo_brain/install/robo_brain/share/ament_index/resource_index/parent_prefix_path/robo_brain
[0.883s] -- Installing: /home/robo/robo_ws/robo_brain/install/robo_brain/share/robo_brain/environment/ament_prefix_path.sh
[0.883s] -- Installing: /home/robo/robo_ws/robo_brain/install/robo_brain/share/robo_brain/environment/ament_prefix_path.dsv
[0.883s] -- Installing: /home/robo/robo_ws/robo_brain/install/robo_brain/share/robo_brain/environment/path.sh
[0.883s] -- Installing: /home/robo/robo_ws/robo_brain/install/robo_brain/share/robo_brain/environment/path.dsv
[0.883s] -- Installing: /home/robo/robo_ws/robo_brain/install/robo_brain/share/robo_brain/local_setup.bash
[0.884s] -- Installing: /home/robo/robo_ws/robo_brain/install/robo_brain/share/robo_brain/local_setup.sh
[0.884s] -- Installing: /home/robo/robo_ws/robo_brain/install/robo_brain/share/robo_brain/local_setup.zsh
[0.884s] -- Installing: /home/robo/robo_ws/robo_brain/install/robo_brain/share/robo_brain/local_setup.dsv
[0.884s] -- Installing: /home/robo/robo_ws/robo_brain/install/robo_brain/share/robo_brain/package.dsv
[0.884s] -- Installing: /home/robo/robo_ws/robo_brain/install/robo_brain/share/ament_index/resource_index/packages/robo_brain
[0.884s] -- Installing: /home/robo/robo_ws/robo_brain/install/robo_brain/share/robo_brain/cmake/robo_brainConfig.cmake
[0.884s] -- Installing: /home/robo/robo_ws/robo_brain/install/robo_brain/share/robo_brain/cmake/robo_brainConfig-version.cmake
[0.885s] -- Installing: /home/robo/robo_ws/robo_brain/install/robo_brain/share/robo_brain/package.xml
[0.887s] Invoked command in '/home/robo/robo_ws/robo_brain/build/robo_brain' returned '0': /usr/bin/cmake --install /home/robo/robo_ws/robo_brain/build/robo_brain
