[0.157s] DEBUG:colcon:Command line arguments: ['/usr/bin/colcon', 'build']
[0.157s] DEBUG:colcon:Parsed command line arguments: Namespace(allow_overriding=[], ament_cmake_args=None, base_paths=['.'], build_base='build', catkin_cmake_args=None, catkin_skip_building_tests=False, cmake_args=None, cmake_clean_cache=False, cmake_clean_first=False, cmake_force_configure=False, cmake_target=None, cmake_target_skip_unavailable=False, continue_on_error=False, event_handlers=None, executor='parallel', ignore_user_meta=False, install_base='install', log_base=None, log_level=None, main=<bound method BuildVerb.main of <colcon_core.verb.build.BuildVerb object at 0x7f2ac32b4e20>>, merge_install=False, metas=['./colcon.meta'], packages_above=None, packages_above_and_dependencies=None, packages_above_depth=None, packages_end=None, packages_ignore=None, packages_ignore_regex=None, packages_select=None, packages_select_build_failed=False, packages_select_by_dep=None, packages_select_regex=None, packages_select_test_failures=False, packages_skip=None, packages_skip_build_finished=False, packages_skip_by_dep=None, packages_skip_regex=None, packages_skip_test_passed=False, packages_skip_up_to=None, packages_start=None, packages_up_to=None, packages_up_to_regex=None, parallel_workers=4, paths=None, symlink_install=False, test_result_base=None, verb_extension=<colcon_core.verb.build.BuildVerb object at 0x7f2ac32b4e20>, verb_name='build', verb_parser=<colcon_defaults.argument_parser.defaults.DefaultArgumentsDecorator object at 0x7f2ac32bc3d0>)
[0.163s] Level 1:colcon.colcon_core.package_discovery:discover_packages(colcon_meta) check parameters
[0.163s] Level 1:colcon.colcon_core.package_discovery:discover_packages(recursive) check parameters
[0.163s] Level 1:colcon.colcon_core.package_discovery:discover_packages(ignore) check parameters
[0.163s] Level 1:colcon.colcon_core.package_discovery:discover_packages(path) check parameters
[0.163s] Level 1:colcon.colcon_core.package_discovery:discover_packages(colcon_meta) discover
[0.163s] Level 1:colcon.colcon_core.package_discovery:discover_packages(recursive) discover
[0.163s] INFO:colcon.colcon_core.package_discovery:Crawling recursively for packages in '/home/robo/robo_ws/robo_brain'
[0.163s] Level 1:colcon.colcon_core.package_identification:_identify(.) by extensions ['ignore', 'ignore_ament_install']
[0.163s] Level 1:colcon.colcon_core.package_identification:_identify(.) by extension 'ignore'
[0.164s] Level 1:colcon.colcon_core.package_identification:_identify(.) by extension 'ignore_ament_install'
[0.164s] Level 1:colcon.colcon_core.package_identification:_identify(.) by extensions ['colcon_pkg']
[0.164s] Level 1:colcon.colcon_core.package_identification:_identify(.) by extension 'colcon_pkg'
[0.164s] Level 1:colcon.colcon_core.package_identification:_identify(.) by extensions ['colcon_meta']
[0.164s] Level 1:colcon.colcon_core.package_identification:_identify(.) by extension 'colcon_meta'
[0.164s] Level 1:colcon.colcon_core.package_identification:_identify(.) by extensions ['ros']
[0.164s] Level 1:colcon.colcon_core.package_identification:_identify(.) by extension 'ros'
[0.178s] DEBUG:colcon.colcon_core.package_identification:Package '.' with type 'ros.ament_cmake' and name 'robo_brain'
[0.178s] Level 1:colcon.colcon_core.package_discovery:discover_packages(recursive) using defaults
[0.178s] Level 1:colcon.colcon_core.package_discovery:discover_packages(ignore) discover
[0.178s] Level 1:colcon.colcon_core.package_discovery:discover_packages(ignore) using defaults
[0.178s] Level 1:colcon.colcon_core.package_discovery:discover_packages(path) discover
[0.178s] Level 1:colcon.colcon_core.package_discovery:discover_packages(path) using defaults
[0.197s] Level 5:colcon.colcon_core.verb:set package 'robo_brain' build argument 'cmake_args' from command line to 'None'
[0.197s] Level 5:colcon.colcon_core.verb:set package 'robo_brain' build argument 'cmake_target' from command line to 'None'
[0.197s] Level 5:colcon.colcon_core.verb:set package 'robo_brain' build argument 'cmake_target_skip_unavailable' from command line to 'False'
[0.197s] Level 5:colcon.colcon_core.verb:set package 'robo_brain' build argument 'cmake_clean_cache' from command line to 'False'
[0.198s] Level 5:colcon.colcon_core.verb:set package 'robo_brain' build argument 'cmake_clean_first' from command line to 'False'
[0.198s] Level 5:colcon.colcon_core.verb:set package 'robo_brain' build argument 'cmake_force_configure' from command line to 'False'
[0.198s] Level 5:colcon.colcon_core.verb:set package 'robo_brain' build argument 'ament_cmake_args' from command line to 'None'
[0.198s] Level 5:colcon.colcon_core.verb:set package 'robo_brain' build argument 'catkin_cmake_args' from command line to 'None'
[0.198s] Level 5:colcon.colcon_core.verb:set package 'robo_brain' build argument 'catkin_skip_building_tests' from command line to 'False'
[0.198s] DEBUG:colcon.colcon_core.verb:Building package 'robo_brain' with the following arguments: {'ament_cmake_args': None, 'build_base': '/home/robo/robo_ws/robo_brain/build/robo_brain', 'catkin_cmake_args': None, 'catkin_skip_building_tests': False, 'cmake_args': None, 'cmake_clean_cache': False, 'cmake_clean_first': False, 'cmake_force_configure': False, 'cmake_target': None, 'cmake_target_skip_unavailable': False, 'install_base': '/home/robo/robo_ws/robo_brain/install/robo_brain', 'merge_install': False, 'path': '/home/robo/robo_ws/robo_brain', 'symlink_install': False, 'test_result_base': None}
[0.206s] INFO:colcon.colcon_core.executor:Executing jobs using 'parallel' executor
[0.208s] DEBUG:colcon.colcon_parallel_executor.executor.parallel:run_until_complete
[0.208s] INFO:colcon.colcon_ros.task.ament_cmake.build:Building ROS package in '/home/robo/robo_ws/robo_brain' with build type 'ament_cmake'
[0.208s] INFO:colcon.colcon_cmake.task.cmake.build:Building CMake package in '/home/robo/robo_ws/robo_brain'
[0.212s] INFO:colcon.colcon_core.plugin_system:Skipping extension 'colcon_core.shell.bat': Not used on non-Windows systems
[0.212s] INFO:colcon.colcon_core.shell:Skip shell extension 'powershell' for command environment: Not usable outside of PowerShell
[0.213s] DEBUG:colcon.colcon_core.shell:Skip shell extension 'dsv' for command environment
[0.226s] DEBUG:colcon.colcon_core.event_handler.log_command:Invoking command in '/home/robo/robo_ws/robo_brain/build/robo_brain': /usr/bin/cmake /home/robo/robo_ws/robo_brain -DCMAKE_INSTALL_PREFIX=/home/robo/robo_ws/robo_brain/install/robo_brain
[0.901s] DEBUG:colcon.colcon_core.event_handler.log_command:Invoked command in '/home/robo/robo_ws/robo_brain/build/robo_brain' returned '0': /usr/bin/cmake /home/robo/robo_ws/robo_brain -DCMAKE_INSTALL_PREFIX=/home/robo/robo_ws/robo_brain/install/robo_brain
[0.903s] DEBUG:colcon.colcon_core.event_handler.log_command:Invoking command in '/home/robo/robo_ws/robo_brain/build/robo_brain': /usr/bin/cmake --build /home/robo/robo_ws/robo_brain/build/robo_brain -- -j4 -l4
[1.046s] DEBUG:colcon.colcon_core.event_handler.log_command:Invoked command in '/home/robo/robo_ws/robo_brain/build/robo_brain' returned '0': /usr/bin/cmake --build /home/robo/robo_ws/robo_brain/build/robo_brain -- -j4 -l4
[1.081s] DEBUG:colcon.colcon_core.event_handler.log_command:Invoking command in '/home/robo/robo_ws/robo_brain/build/robo_brain': /usr/bin/cmake --install /home/robo/robo_ws/robo_brain/build/robo_brain
[1.095s] Level 1:colcon.colcon_core.environment:create_environment_scripts_only(robo_brain)
[1.096s] DEBUG:colcon.colcon_core.event_handler.log_command:Invoked command in '/home/robo/robo_ws/robo_brain/build/robo_brain' returned '0': /usr/bin/cmake --install /home/robo/robo_ws/robo_brain/build/robo_brain
[1.100s] Level 1:colcon.colcon_core.environment:checking '/home/robo/robo_ws/robo_brain/install/robo_brain' for CMake module files
[1.101s] Level 1:colcon.colcon_core.environment:checking '/home/robo/robo_ws/robo_brain/install/robo_brain' for CMake config files
[1.101s] Level 1:colcon.colcon_core.shell:create_environment_hook('robo_brain', 'cmake_prefix_path')
[1.101s] INFO:colcon.colcon_core.shell:Creating environment hook '/home/robo/robo_ws/robo_brain/install/robo_brain/share/robo_brain/hook/cmake_prefix_path.ps1'
[1.102s] INFO:colcon.colcon_core.shell:Creating environment descriptor '/home/robo/robo_ws/robo_brain/install/robo_brain/share/robo_brain/hook/cmake_prefix_path.dsv'
[1.102s] INFO:colcon.colcon_core.shell:Creating environment hook '/home/robo/robo_ws/robo_brain/install/robo_brain/share/robo_brain/hook/cmake_prefix_path.sh'
[1.103s] Level 1:colcon.colcon_core.environment:checking '/home/robo/robo_ws/robo_brain/install/robo_brain/lib'
[1.103s] Level 1:colcon.colcon_core.environment:checking '/home/robo/robo_ws/robo_brain/install/robo_brain/bin'
[1.104s] Level 1:colcon.colcon_core.environment:checking '/home/robo/robo_ws/robo_brain/install/robo_brain/lib/pkgconfig/robo_brain.pc'
[1.104s] Level 1:colcon.colcon_core.environment:checking '/home/robo/robo_ws/robo_brain/install/robo_brain/lib/python3.8/site-packages'
[1.104s] INFO:colcon.colcon_core.shell:Creating package script '/home/robo/robo_ws/robo_brain/install/robo_brain/share/robo_brain/package.ps1'
[1.105s] INFO:colcon.colcon_core.shell:Creating package descriptor '/home/robo/robo_ws/robo_brain/install/robo_brain/share/robo_brain/package.dsv'
[1.106s] INFO:colcon.colcon_core.shell:Creating package script '/home/robo/robo_ws/robo_brain/install/robo_brain/share/robo_brain/package.sh'
[1.106s] INFO:colcon.colcon_core.shell:Creating package script '/home/robo/robo_ws/robo_brain/install/robo_brain/share/robo_brain/package.bash'
[1.107s] INFO:colcon.colcon_core.shell:Creating package script '/home/robo/robo_ws/robo_brain/install/robo_brain/share/robo_brain/package.zsh'
[1.107s] Level 1:colcon.colcon_core.environment:create_file_with_runtime_dependencies(/home/robo/robo_ws/robo_brain/install/robo_brain/share/colcon-core/packages/robo_brain)
[1.131s] Level 1:colcon.colcon_core.environment:create_environment_scripts_only(robo_brain)
[1.132s] Level 1:colcon.colcon_core.environment:checking '/home/robo/robo_ws/robo_brain/install/robo_brain' for CMake module files
[1.132s] Level 1:colcon.colcon_core.environment:checking '/home/robo/robo_ws/robo_brain/install/robo_brain' for CMake config files
[1.133s] Level 1:colcon.colcon_core.shell:create_environment_hook('robo_brain', 'cmake_prefix_path')
[1.133s] INFO:colcon.colcon_core.shell:Creating environment hook '/home/robo/robo_ws/robo_brain/install/robo_brain/share/robo_brain/hook/cmake_prefix_path.ps1'
[1.134s] INFO:colcon.colcon_core.shell:Creating environment descriptor '/home/robo/robo_ws/robo_brain/install/robo_brain/share/robo_brain/hook/cmake_prefix_path.dsv'
[1.134s] INFO:colcon.colcon_core.shell:Creating environment hook '/home/robo/robo_ws/robo_brain/install/robo_brain/share/robo_brain/hook/cmake_prefix_path.sh'
[1.135s] Level 1:colcon.colcon_core.environment:checking '/home/robo/robo_ws/robo_brain/install/robo_brain/lib'
[1.135s] Level 1:colcon.colcon_core.environment:checking '/home/robo/robo_ws/robo_brain/install/robo_brain/bin'
[1.135s] Level 1:colcon.colcon_core.environment:checking '/home/robo/robo_ws/robo_brain/install/robo_brain/lib/pkgconfig/robo_brain.pc'
[1.135s] Level 1:colcon.colcon_core.environment:checking '/home/robo/robo_ws/robo_brain/install/robo_brain/lib/python3.8/site-packages'
[1.135s] INFO:colcon.colcon_core.shell:Creating package script '/home/robo/robo_ws/robo_brain/install/robo_brain/share/robo_brain/package.ps1'
[1.136s] INFO:colcon.colcon_core.shell:Creating package descriptor '/home/robo/robo_ws/robo_brain/install/robo_brain/share/robo_brain/package.dsv'
[1.137s] INFO:colcon.colcon_core.shell:Creating package script '/home/robo/robo_ws/robo_brain/install/robo_brain/share/robo_brain/package.sh'
[1.137s] INFO:colcon.colcon_core.shell:Creating package script '/home/robo/robo_ws/robo_brain/install/robo_brain/share/robo_brain/package.bash'
[1.138s] INFO:colcon.colcon_core.shell:Creating package script '/home/robo/robo_ws/robo_brain/install/robo_brain/share/robo_brain/package.zsh'
[1.138s] Level 1:colcon.colcon_core.environment:create_file_with_runtime_dependencies(/home/robo/robo_ws/robo_brain/install/robo_brain/share/colcon-core/packages/robo_brain)
[1.138s] DEBUG:colcon.colcon_parallel_executor.executor.parallel:closing loop
[1.139s] DEBUG:colcon.colcon_parallel_executor.executor.parallel:loop closed
[1.139s] DEBUG:colcon.colcon_parallel_executor.executor.parallel:run_until_complete finished with '0'
[1.139s] DEBUG:colcon.colcon_core.event_reactor:joining thread
[1.145s] INFO:colcon.colcon_core.plugin_system:Skipping extension 'colcon_notification.desktop_notification.terminal_notifier': Not used on non-Darwin systems
[1.145s] INFO:colcon.colcon_core.plugin_system:Skipping extension 'colcon_notification.desktop_notification.win32': Not used on non-Windows systems
[1.145s] INFO:colcon.colcon_notification.desktop_notification:Sending desktop notification using 'notify2'
[1.160s] DEBUG:colcon.colcon_core.event_reactor:joined thread
[1.161s] INFO:colcon.colcon_core.shell:Creating prefix script '/home/robo/robo_ws/robo_brain/install/local_setup.ps1'
[1.162s] INFO:colcon.colcon_core.shell:Creating prefix util module '/home/robo/robo_ws/robo_brain/install/_local_setup_util_ps1.py'
[1.163s] INFO:colcon.colcon_core.shell:Creating prefix chain script '/home/robo/robo_ws/robo_brain/install/setup.ps1'
[1.165s] INFO:colcon.colcon_core.shell:Creating prefix script '/home/robo/robo_ws/robo_brain/install/local_setup.sh'
[1.166s] INFO:colcon.colcon_core.shell:Creating prefix util module '/home/robo/robo_ws/robo_brain/install/_local_setup_util_sh.py'
[1.167s] INFO:colcon.colcon_core.shell:Creating prefix chain script '/home/robo/robo_ws/robo_brain/install/setup.sh'
[1.169s] INFO:colcon.colcon_core.shell:Creating prefix script '/home/robo/robo_ws/robo_brain/install/local_setup.bash'
[1.170s] INFO:colcon.colcon_core.shell:Creating prefix chain script '/home/robo/robo_ws/robo_brain/install/setup.bash'
[1.172s] INFO:colcon.colcon_core.shell:Creating prefix script '/home/robo/robo_ws/robo_brain/install/local_setup.zsh'
[1.173s] INFO:colcon.colcon_core.shell:Creating prefix chain script '/home/robo/robo_ws/robo_brain/install/setup.zsh'
