[0.021s] Invoking command in '/home/robo/robo_ws/robo_brain/build/robo_brain': /usr/bin/cmake --build /home/robo/robo_ws/robo_brain/build/robo_brain -- -j4 -l4
[0.073s] [100%] Built target main
[0.085s] Invoked command in '/home/robo/robo_ws/robo_brain/build/robo_brain' returned '0': /usr/bin/cmake --build /home/robo/robo_ws/robo_brain/build/robo_brain -- -j4 -l4
[0.121s] Invoking command in '/home/robo/robo_ws/robo_brain/build/robo_brain': /usr/bin/cmake --install /home/robo/robo_ws/robo_brain/build/robo_brain
[0.131s] -- Install configuration: ""
[0.131s] -- Up-to-date: /home/robo/robo_ws/robo_brain/install/robo_brain/lib/robo_brain/main
[0.131s] -- Up-to-date: /home/robo/robo_ws/robo_brain/install/robo_brain/share/ament_index/resource_index/package_run_dependencies/robo_brain
[0.131s] -- Up-to-date: /home/robo/robo_ws/robo_brain/install/robo_brain/share/ament_index/resource_index/parent_prefix_path/robo_brain
[0.132s] -- Up-to-date: /home/robo/robo_ws/robo_brain/install/robo_brain/share/robo_brain/environment/ament_prefix_path.sh
[0.132s] -- Up-to-date: /home/robo/robo_ws/robo_brain/install/robo_brain/share/robo_brain/environment/ament_prefix_path.dsv
[0.132s] -- Up-to-date: /home/robo/robo_ws/robo_brain/install/robo_brain/share/robo_brain/environment/path.sh
[0.132s] -- Up-to-date: /home/robo/robo_ws/robo_brain/install/robo_brain/share/robo_brain/environment/path.dsv
[0.132s] -- Up-to-date: /home/robo/robo_ws/robo_brain/install/robo_brain/share/robo_brain/local_setup.bash
[0.132s] -- Up-to-date: /home/robo/robo_ws/robo_brain/install/robo_brain/share/robo_brain/local_setup.sh
[0.132s] -- Up-to-date: /home/robo/robo_ws/robo_brain/install/robo_brain/share/robo_brain/local_setup.zsh
[0.132s] -- Up-to-date: /home/robo/robo_ws/robo_brain/install/robo_brain/share/robo_brain/local_setup.dsv
[0.132s] -- Up-to-date: /home/robo/robo_ws/robo_brain/install/robo_brain/share/robo_brain/package.dsv
[0.132s] -- Up-to-date: /home/robo/robo_ws/robo_brain/install/robo_brain/share/ament_index/resource_index/packages/robo_brain
[0.132s] -- Up-to-date: /home/robo/robo_ws/robo_brain/install/robo_brain/share/robo_brain/cmake/robo_brainConfig.cmake
[0.133s] -- Up-to-date: /home/robo/robo_ws/robo_brain/install/robo_brain/share/robo_brain/cmake/robo_brainConfig-version.cmake
[0.133s] -- Up-to-date: /home/robo/robo_ws/robo_brain/install/robo_brain/share/robo_brain/package.xml
[0.135s] Invoked command in '/home/robo/robo_ws/robo_brain/build/robo_brain' returned '0': /usr/bin/cmake --install /home/robo/robo_ws/robo_brain/build/robo_brain
